This is pdfTeX, Version 3.14159-1.10b (Web2C 7.4.5) (format=pdflatex 2003.9.23)  11 NOV 2003 14:30
**chapter6.tex
(./chapter6.tex{/var/lib/texmf/pdftex/config/pdftex.cfg}
LaTeX2e <2001/06/01>
Babel <v3.7h> and hyphenation patterns for american, french, german, ngerman, n
ohyphenation, loaded.
! Undefined control sequence.
l.6 \section
            {Why \LaTeX}
? 
! Emergency stop.
l.6 \section
            {Why \LaTeX}
End of file on the terminal!

 
Here is how much of TeX's memory you used:
 5 strings out of 95437
 56 string characters out of 1190247
 44508 words of memory out of 1000001
 3103 multiletter control sequences out of 10000+50000
 3640 words of font info for 14 fonts, out of 500000 for 1000
 14 hyphenation exceptions out of 1000
 5i,0n,1p,51b,7s stack positions out of 1500i,500n,5000p,200000b,5000s
 0 PDF objects out of 300000
 0 named destinations out of 131072
 0 words of extra memory for PDF output out of 65536
No pages of output.
